<?xml version="1.0" encoding="UTF-8"?>
<testsuite xmlns:xsi="http://www.w3.org/2001/XMLSchema-instance" xsi:schemaLocation="https://maven.apache.org/surefire/maven-surefire-plugin/xsd/surefire-test-report.xsd" name="TestSuite" time="21.817" tests="15" errors="0" skipped="0" failures="0">
  <properties>
[...]
</properties>
  <testcase name="deleteTest" classname="com.internet.reqres_Api.tests.DeleteTest" time="3.227"/>
  <testcase name="getAllUsersPagedDelayed" classname="com.internet.reqres_Api.tests.GetAllUsersPagedDelayed" time="5.345"/>
  <testcase name="getApiSingleOnlyUnknown" classname="com.internet.reqres_Api.tests.GetApiSingleOnlyUnknown" time="0.445"/>
  <testcase name="getApiSingleOnlyUnknownNotFound" classname="com.internet.reqres_Api.tests.GetApiSingleOnlyUnknownNotFound" time="0.749"/>
  <testcase name="getApiUnknown" classname="com.internet.reqres_Api.tests.GetApiUnknown" time="0.413"/>
  <testcase name="getSingleUser" classname="com.internet.reqres_Api.tests.GetSingleUser" time="0.625"/>
  <testcase name="getSingleUserNotFound" classname="com.internet.reqres_Api.tests.GetSingleUserNotFound" time="0.635"/>
  <testcase name="getUserList" classname="com.internet.reqres_Api.tests.GetUserList" time="0.688"/>
  <testcase name="patchUpdateTest" classname="com.internet.reqres_Api.tests.PatchUpdateTest" time="0.81"/>
  <testcase name="postCreateTest" classname="com.internet.reqres_Api.tests.PostCreateTest" time="0.781"/>
  <testcase name="postLoginSuccessfulTest" classname="com.internet.reqres_Api.tests.PostLoginSuccessfulTest" time="0.774"/>
  <testcase name="postLoginUnsuccessfulTest" classname="com.internet.reqres_Api.tests.PostLoginUnsuccessfulTest" time="0.793"/>
  <testcase name="postRegisterUserTest" classname="com.internet.reqres_Api.tests.PostRegisterUserTest" time="0.705"/>
  <testcase name="postRegisterUserUnsuccessfulTest" classname="com.internet.reqres_Api.tests.PostRegisterUserUnsuccessfulTest" time="0.708"/>
  <testcase name="putUpdateTest" classname="com.internet.reqres_Api.tests.PutUpdateTest" time="0.761"/>
</testsuite>